('CONSTANT', (0, 0))
('CONSTANT', (44, 0))
('CONSTANT', (48, 0))
('CONSTANT', (0, 0))
('CONSTANT', (45, 0))
('CONSTANT', (11, 0))
('void', 0)
('main', 0)
('(', 0)
(')', 0)
('{', 0)
('number', 0)
('IDENTIFIER', (47, 0))
(',', 0)
('IDENTIFIER', (48, 1))
(',', 0)
('IDENTIFIER', (49, 0))
(';', 0)
('read', 0)
('(', 0)
('IDENTIFIER', (47, 0))
(')', 0)
(';', 0)
('read', 0)
('(', 0)
('IDENTIFIER', (48, 1))
(')', 0)
(';', 0)
('read', 0)
('(', 0)
('IDENTIFIER', (49, 0))
(')', 0)
(';', 0)
('if', 0)
('IDENTIFIER', (47, 0))
('<', 0)
('IDENTIFIER', (48, 1))
('&&', 0)
('IDENTIFIER', (48, 1))
('<', 0)
('IDENTIFIER', (49, 0))
('{', 0)
('write', 0)
('(', 0)
('IDENTIFIER', (47, 0))
(')', 0)
(';', 0)
('}', 0)
('else', 0)
('if', 0)
('IDENTIFIER', (48, 1))
('<', 0)
('IDENTIFIER', (49, 0))
('&&', 0)
('IDENTIFIER', (49, 0))
('<', 0)
('IDENTIFIER', (47, 0))
('{', 0)
('write', 0)
('(', 0)
('IDENTIFIER', (48, 1))
(')', 0)
(';', 0)
('}', 0)
('else', 0)
('{', 0)
('write', 0)
('(', 0)
('IDENTIFIER', (49, 0))
(')', 0)
(';', 0)
('}', 0)
('}', 0)
('NONE', 0)
